# JRE version: Java(TM) SE Runtime Environment (18.0+36) (build 18+36-2087)
# Java VM: Java HotSpot(TM) 64-Bit Server VM (18+36-2087, mixed mode, sharing, tiered, compressed oops, compressed class ptrs, serial gc, windows-amd64)
GC Precious Log:
 CardTable entry size: 512
 CPUs: 2 total, 2 available
 Memory: 1485M
 Large Page Support: Disabled
 NUMA Support: Disabled
 Compressed Oops: Enabled (32-bit)
 Heap Min Capacity: 8M
 Heap Initial Capacity: 24M
 Heap Max Capacity: 372M
 Pre-touch: Disabled
Heap:
 def new generation   total 7424K, used 3909K [0x00000000e8c00000, 0x00000000e9400000, 0x00000000f0800000)
  eden space 6656K,  51% used [0x00000000e8c00000, 0x00000000e8f56de8, 0x00000000e9280000)
  from space 768K,  63% used [0x00000000e9340000, 0x00000000e93ba680, 0x00000000e9400000)
  to   space 768K,   0% used [0x00000000e9280000, 0x00000000e9280000, 0x00000000e9340000)
 tenured generation   total 16384K, used 9204K [0x00000000f0800000, 0x00000000f1800000, 0x0000000100000000)
   the space 16384K,  56% used [0x00000000f0800000, 0x00000000f10fd1a0, 0x00000000f10fd200, 0x00000000f1800000)
 Metaspace       used 17768K, committed 17984K, reserved 1114112K
  class space    used 2114K, committed 2240K, reserved 1048576K
GC Heap History (20 events):
Event: 3.761 GC heap before
{Heap before GC invocations=1 (full 0):
 def new generation   total 7424K, used 7423K [0x00000000e8c00000, 0x00000000e9400000, 0x00000000f0800000)
  eden space 6656K,  99% used [0x00000000e8c00000, 0x00000000e927ffe8, 0x00000000e9280000)
  from space 768K, 100% used [0x00000000e9340000, 0x00000000e9400000, 0x00000000e9400000)
  to   space 768K,   0% used [0x00000000e9280000, 0x00000000e9280000, 0x00000000e9340000)
 tenured generation   total 16384K, used 3214K [0x00000000f0800000, 0x00000000f1800000, 0x0000000100000000)
   the space 16384K,  19% used [0x00000000f0800000, 0x00000000f0b23bb8, 0x00000000f0b23c00, 0x00000000f1800000)
 Metaspace       used 3483K, committed 3648K, reserved 1114112K
  class space    used 356K, committed 448K, reserved 1048576K
}
Event: 3.790 GC heap after
{Heap after GC invocations=2 (full 0):
 def new generation   total 7424K, used 768K [0x00000000e8c00000, 0x00000000e9400000, 0x00000000f0800000)
  eden space 6656K,   0% used [0x00000000e8c00000, 0x00000000e8c00000, 0x00000000e9280000)
  from space 768K, 100% used [0x00000000e9280000, 0x00000000e9340000, 0x00000000e9340000)
  to   space 768K,   0% used [0x00000000e9340000, 0x00000000e9340000, 0x00000000e9400000)
 tenured generation   total 16384K, used 4511K [0x00000000f0800000, 0x00000000f1800000, 0x0000000100000000)
   the space 16384K,  27% used [0x00000000f0800000, 0x00000000f0c67f08, 0x00000000f0c68000, 0x00000000f1800000)
 Metaspace       used 3483K, committed 3648K, reserved 1114112K
  class space    used 356K, committed 448K, reserved 1048576K
}
Event: 5.711 GC heap before
{Heap before GC invocations=2 (full 0):
 def new generation   total 7424K, used 7424K [0x00000000e8c00000, 0x00000000e9400000, 0x00000000f0800000)
  eden space 6656K, 100% used [0x00000000e8c00000, 0x00000000e9280000, 0x00000000e9280000)
  from space 768K, 100% used [0x00000000e9280000, 0x00000000e9340000, 0x00000000e9340000)
  to   space 768K,   0% used [0x00000000e9340000, 0x00000000e9340000, 0x00000000e9400000)
 tenured generation   total 16384K, used 4511K [0x00000000f0800000, 0x00000000f1800000, 0x0000000100000000)
   the space 16384K,  27% used [0x00000000f0800000, 0x00000000f0c67f08, 0x00000000f0c68000, 0x00000000f1800000)
 Metaspace       used 5592K, committed 5760K, reserved 1114112K
  class space    used 634K, committed 704K, reserved 1048576K
}
Event: 5.729 GC heap after
{Heap after GC invocations=3 (full 0):
 def new generation   total 7424K, used 702K [0x00000000e8c00000, 0x00000000e9400000, 0x00000000f0800000)
  eden space 6656K,   0% used [0x00000000e8c00000, 0x00000000e8c00000, 0x00000000e9280000)
  from space 768K,  91% used [0x00000000e9340000, 0x00000000e93efb70, 0x00000000e9400000)
  to   space 768K,   0% used [0x00000000e9280000, 0x00000000e9280000, 0x00000000e9340000)
 tenured generation   total 16384K, used 5271K [0x00000000f0800000, 0x00000000f1800000, 0x0000000100000000)
   the space 16384K,  32% used [0x00000000f0800000, 0x00000000f0d25d00, 0x00000000f0d25e00, 0x00000000f1800000)
 Metaspace       used 5592K, committed 5760K, reserved 1114112K
  class space    used 634K, committed 704K, reserved 1048576K
}
Event: 7.804 GC heap before
{Heap before GC invocations=3 (full 0):
 def new generation   total 7424K, used 7358K [0x00000000e8c00000, 0x00000000e9400000, 0x00000000f0800000)
  eden space 6656K, 100% used [0x00000000e8c00000, 0x00000000e9280000, 0x00000000e9280000)
  from space 768K,  91% used [0x00000000e9340000, 0x00000000e93efb70, 0x00000000e9400000)
  to   space 768K,   0% used [0x00000000e9280000, 0x00000000e9280000, 0x00000000e9340000)
 tenured generation   total 16384K, used 5271K [0x00000000f0800000, 0x00000000f1800000, 0x0000000100000000)
   the space 16384K,  32% used [0x00000000f0800000, 0x00000000f0d25d00, 0x00000000f0d25e00, 0x00000000f1800000)
 Metaspace       used 7363K, committed 7552K, reserved 1114112K
  class space    used 904K, committed 1024K, reserved 1048576K
}
Event: 7.822 GC heap after
{Heap after GC invocations=4 (full 0):
 def new generation   total 7424K, used 638K [0x00000000e8c00000, 0x00000000e9400000, 0x00000000f0800000)
  eden space 6656K,   0% used [0x00000000e8c00000, 0x00000000e8c00000, 0x00000000e9280000)
  from space 768K,  83% used [0x00000000e9280000, 0x00000000e931fa40, 0x00000000e9340000)
  to   space 768K,   0% used [0x00000000e9340000, 0x00000000e9340000, 0x00000000e9400000)
 tenured generation   total 16384K, used 5946K [0x00000000f0800000, 0x00000000f1800000, 0x0000000100000000)
   the space 16384K,  36% used [0x00000000f0800000, 0x00000000f0dcebc0, 0x00000000f0dcec00, 0x00000000f1800000)
 Metaspace       used 7363K, committed 7552K, reserved 1114112K
  class space    used 904K, committed 1024K, reserved 1048576K
}
Event: 8.486 GC heap before
{Heap before GC invocations=4 (full 0):
 def new generation   total 7424K, used 7294K [0x00000000e8c00000, 0x00000000e9400000, 0x00000000f0800000)
  eden space 6656K, 100% used [0x00000000e8c00000, 0x00000000e9280000, 0x00000000e9280000)
  from space 768K,  83% used [0x00000000e9280000, 0x00000000e931fa40, 0x00000000e9340000)
  to   space 768K,   0% used [0x00000000e9340000, 0x00000000e9340000, 0x00000000e9400000)
 tenured generation   total 16384K, used 5946K [0x00000000f0800000, 0x00000000f1800000, 0x0000000100000000)
   the space 16384K,  36% used [0x00000000f0800000, 0x00000000f0dcebc0, 0x00000000f0dcec00, 0x00000000f1800000)
 Metaspace       used 9416K, committed 9664K, reserved 1114112K
  class space    used 1116K, committed 1216K, reserved 1048576K
}
Event: 8.497 GC heap after
{Heap after GC invocations=5 (full 0):
 def new generation   total 7424K, used 219K [0x00000000e8c00000, 0x00000000e9400000, 0x00000000f0800000)
  eden space 6656K,   0% used [0x00000000e8c00000, 0x00000000e8c00000, 0x00000000e9280000)
  from space 768K,  28% used [0x00000000e9340000, 0x00000000e9376c78, 0x00000000e9400000)
  to   space 768K,   0% used [0x00000000e9280000, 0x00000000e9280000, 0x00000000e9340000)
 tenured generation   total 16384K, used 6543K [0x00000000f0800000, 0x00000000f1800000, 0x0000000100000000)
   the space 16384K,  39% used [0x00000000f0800000, 0x00000000f0e63c90, 0x00000000f0e63e00, 0x00000000f1800000)
 Metaspace       used 9416K, committed 9664K, reserved 1114112K
  class space    used 1116K, committed 1216K, reserved 1048576K
}
Event: 9.153 GC heap before
{Heap before GC invocations=5 (full 0):
 def new generation   total 7424K, used 6875K [0x00000000e8c00000, 0x00000000e9400000, 0x00000000f0800000)
  eden space 6656K, 100% used [0x00000000e8c00000, 0x00000000e9280000, 0x00000000e9280000)
  from space 768K,  28% used [0x00000000e9340000, 0x00000000e9376c78, 0x00000000e9400000)
  to   space 768K,   0% used [0x00000000e9280000, 0x00000000e9280000, 0x00000000e9340000)
 tenured generation   total 16384K, used 6543K [0x00000000f0800000, 0x00000000f1800000, 0x0000000100000000)
   the space 16384K,  39% used [0x00000000f0800000, 0x00000000f0e63c90, 0x00000000f0e63e00, 0x00000000f1800000)
 Metaspace       used 11328K, committed 11584K, reserved 1114112K
  class space    used 1329K, committed 1472K, reserved 1048576K
}
Event: 9.161 GC heap after
{Heap after GC invocations=6 (full 0):
 def new generation   total 7424K, used 506K [0x00000000e8c00000, 0x00000000e9400000, 0x00000000f0800000)
  eden space 6656K,   0% used [0x00000000e8c00000, 0x00000000e8c00000, 0x00000000e9280000)
  from space 768K,  65% used [0x00000000e9280000, 0x00000000e92feb40, 0x00000000e9340000)
  to   space 768K,   0% used [0x00000000e9340000, 0x00000000e9340000, 0x00000000e9400000)
 tenured generation   total 16384K, used 6543K [0x00000000f0800000, 0x00000000f1800000, 0x0000000100000000)
   the space 16384K,  39% used [0x00000000f0800000, 0x00000000f0e63c90, 0x00000000f0e63e00, 0x00000000f1800000)
 Metaspace       used 11328K, committed 11584K, reserved 1114112K
  class space    used 1329K, committed 1472K, reserved 1048576K
}
Event: 9.938 GC heap before
{Heap before GC invocations=6 (full 0):
 def new generation   total 7424K, used 7162K [0x00000000e8c00000, 0x00000000e9400000, 0x00000000f0800000)
  eden space 6656K, 100% used [0x00000000e8c00000, 0x00000000e9280000, 0x00000000e9280000)
  from space 768K,  65% used [0x00000000e9280000, 0x00000000e92feb40, 0x00000000e9340000)
  to   space 768K,   0% used [0x00000000e9340000, 0x00000000e9340000, 0x00000000e9400000)
 tenured generation   total 16384K, used 6543K [0x00000000f0800000, 0x00000000f1800000, 0x0000000100000000)
   the space 16384K,  39% used [0x00000000f0800000, 0x00000000f0e63c90, 0x00000000f0e63e00, 0x00000000f1800000)
 Metaspace       used 12913K, committed 13184K, reserved 1114112K
  class space    used 1551K, committed 1664K, reserved 1048576K
}
Event: 9.951 GC heap after
{Heap after GC invocations=7 (full 0):
 def new generation   total 7424K, used 592K [0x00000000e8c00000, 0x00000000e9400000, 0x00000000f0800000)
  eden space 6656K,   0% used [0x00000000e8c00000, 0x00000000e8c00000, 0x00000000e9280000)
  from space 768K,  77% used [0x00000000e9340000, 0x00000000e93d4098, 0x00000000e9400000)
  to   space 768K,   0% used [0x00000000e9280000, 0x00000000e9280000, 0x00000000e9340000)
 tenured generation   total 16384K, used 6745K [0x00000000f0800000, 0x00000000f1800000, 0x0000000100000000)
   the space 16384K,  41% used [0x00000000f0800000, 0x00000000f0e96528, 0x00000000f0e96600, 0x00000000f1800000)
 Metaspace       used 12913K, committed 13184K, reserved 1114112K
  class space    used 1551K, committed 1664K, reserved 1048576K
}
Event: 11.271 GC heap before
{Heap before GC invocations=7 (full 0):
 def new generation   total 7424K, used 7248K [0x00000000e8c00000, 0x00000000e9400000, 0x00000000f0800000)
  eden space 6656K, 100% used [0x00000000e8c00000, 0x00000000e9280000, 0x00000000e9280000)
  from space 768K,  77% used [0x00000000e9340000, 0x00000000e93d4098, 0x00000000e9400000)
  to   space 768K,   0% used [0x00000000e9280000, 0x00000000e9280000, 0x00000000e9340000)
 tenured generation   total 16384K, used 6745K [0x00000000f0800000, 0x00000000f1800000, 0x0000000100000000)
   the space 16384K,  41% used [0x00000000f0800000, 0x00000000f0e96528, 0x00000000f0e96600, 0x00000000f1800000)
 Metaspace       used 14601K, committed 14848K, reserved 1114112K
  class space    used 1758K, committed 1856K, reserved 1048576K
}
Event: 11.287 GC heap after
{Heap after GC invocations=8 (full 0):
 def new generation   total 7424K, used 768K [0x00000000e8c00000, 0x00000000e9400000, 0x00000000f0800000)
  eden space 6656K,   0% used [0x00000000e8c00000, 0x00000000e8c00000, 0x00000000e9280000)
  from space 768K, 100% used [0x00000000e9280000, 0x00000000e9340000, 0x00000000e9340000)
  to   space 768K,   0% used [0x00000000e9340000, 0x00000000e9340000, 0x00000000e9400000)
 tenured generation   total 16384K, used 7217K [0x00000000f0800000, 0x00000000f1800000, 0x0000000100000000)
   the space 16384K,  44% used [0x00000000f0800000, 0x00000000f0f0c4e0, 0x00000000f0f0c600, 0x00000000f1800000)
 Metaspace       used 14601K, committed 14848K, reserved 1114112K
  class space    used 1758K, committed 1856K, reserved 1048576K
}
Event: 12.688 GC heap before
{Heap before GC invocations=8 (full 0):
 def new generation   total 7424K, used 7420K [0x00000000e8c00000, 0x00000000e9400000, 0x00000000f0800000)
  eden space 6656K,  99% used [0x00000000e8c00000, 0x00000000e927f168, 0x00000000e9280000)
  from space 768K, 100% used [0x00000000e9280000, 0x00000000e9340000, 0x00000000e9340000)
  to   space 768K,   0% used [0x00000000e9340000, 0x00000000e9340000, 0x00000000e9400000)
 tenured generation   total 16384K, used 7217K [0x00000000f0800000, 0x00000000f1800000, 0x0000000100000000)
   the space 16384K,  44% used [0x00000000f0800000, 0x00000000f0f0c4e0, 0x00000000f0f0c600, 0x00000000f1800000)
 Metaspace       used 15537K, committed 15744K, reserved 1114112K
  class space    used 1856K, committed 1920K, reserved 1048576K
}
Event: 12.707 GC heap after
{Heap after GC invocations=9 (full 0):
 def new generation   total 7424K, used 767K [0x00000000e8c00000, 0x00000000e9400000, 0x00000000f0800000)
  eden space 6656K,   0% used [0x00000000e8c00000, 0x00000000e8c00000, 0x00000000e9280000)
  from space 768K,  99% used [0x00000000e9340000, 0x00000000e93ffff8, 0x00000000e9400000)
  to   space 768K,   0% used [0x00000000e9280000, 0x00000000e9280000, 0x00000000e9340000)
 tenured generation   total 16384K, used 7997K [0x00000000f0800000, 0x00000000f1800000, 0x0000000100000000)
   the space 16384K,  48% used [0x00000000f0800000, 0x00000000f0fcf420, 0x00000000f0fcf600, 0x00000000f1800000)
 Metaspace       used 15537K, committed 15744K, reserved 1114112K
  class space    used 1856K, committed 1920K, reserved 1048576K
}
Event: 14.116 GC heap before
{Heap before GC invocations=9 (full 0):
 def new generation   total 7424K, used 7423K [0x00000000e8c00000, 0x00000000e9400000, 0x00000000f0800000)
  eden space 6656K, 100% used [0x00000000e8c00000, 0x00000000e9280000, 0x00000000e9280000)
  from space 768K,  99% used [0x00000000e9340000, 0x00000000e93ffff8, 0x00000000e9400000)
  to   space 768K,   0% used [0x00000000e9280000, 0x00000000e9280000, 0x00000000e9340000)
 tenured generation   total 16384K, used 7997K [0x00000000f0800000, 0x00000000f1800000, 0x0000000100000000)
   the space 16384K,  48% used [0x00000000f0800000, 0x00000000f0fcf420, 0x00000000f0fcf600, 0x00000000f1800000)
 Metaspace       used 16179K, committed 16320K, reserved 1114112K
  class space    used 1914K, committed 1984K, reserved 1048576K
}
Event: 14.130 GC heap after
{Heap after GC invocations=10 (full 0):
 def new generation   total 7424K, used 479K [0x00000000e8c00000, 0x00000000e9400000, 0x00000000f0800000)
  eden space 6656K,   0% used [0x00000000e8c00000, 0x00000000e8c00000, 0x00000000e9280000)
  from space 768K,  62% used [0x00000000e9280000, 0x00000000e92f7cf8, 0x00000000e9340000)
  to   space 768K,   0% used [0x00000000e9340000, 0x00000000e9340000, 0x00000000e9400000)
 tenured generation   total 16384K, used 8735K [0x00000000f0800000, 0x00000000f1800000, 0x0000000100000000)
   the space 16384K,  53% used [0x00000000f0800000, 0x00000000f1087d50, 0x00000000f1087e00, 0x00000000f1800000)
 Metaspace       used 16179K, committed 16320K, reserved 1114112K
  class space    used 1914K, committed 1984K, reserved 1048576K
}
Event: 15.514 GC heap before
{Heap before GC invocations=10 (full 0):
 def new generation   total 7424K, used 7135K [0x00000000e8c00000, 0x00000000e9400000, 0x00000000f0800000)
  eden space 6656K, 100% used [0x00000000e8c00000, 0x00000000e9280000, 0x00000000e9280000)
  from space 768K,  62% used [0x00000000e9280000, 0x00000000e92f7cf8, 0x00000000e9340000)
  to   space 768K,   0% used [0x00000000e9340000, 0x00000000e9340000, 0x00000000e9400000)
 tenured generation   total 16384K, used 8735K [0x00000000f0800000, 0x00000000f1800000, 0x0000000100000000)
   the space 16384K,  53% used [0x00000000f0800000, 0x00000000f1087d50, 0x00000000f1087e00, 0x00000000f1800000)
 Metaspace       used 17211K, committed 17408K, reserved 1114112K
  class space    used 2037K, committed 2112K, reserved 1048576K
}
Event: 15.530 GC heap after
{Heap after GC invocations=11 (full 0):
 def new generation   total 7424K, used 489K [0x00000000e8c00000, 0x00000000e9400000, 0x00000000f0800000)
  eden space 6656K,   0% used [0x00000000e8c00000, 0x00000000e8c00000, 0x00000000e9280000)
  from space 768K,  63% used [0x00000000e9340000, 0x00000000e93ba680, 0x00000000e9400000)
  to   space 768K,   0% used [0x00000000e9280000, 0x00000000e9280000, 0x00000000e9340000)
 tenured generation   total 16384K, used 9204K [0x00000000f0800000, 0x00000000f1800000, 0x0000000100000000)
   the space 16384K,  56% used [0x00000000f0800000, 0x00000000f10fd1a0, 0x00000000f10fd200, 0x00000000f1800000)
 Metaspace       used 17211K, committed 17408K, reserved 1114112K
  class space    used 2037K, committed 2112K, reserved 1048576K
}

